  9.cpp
<<<<<<< HEAD
C:\234\9\9\9.cpp(91,121): warning C4474: "printf" : для строки формата передано слишком много аргументов
      C:\234\9\9\9.cpp(91,121):
      заполнители и их параметры ожидают переменное число аргументов в количестве 7, но было предоставлено 8
  
C:\234\9\9\9.cpp(113,121): warning C4474: "printf" : для строки формата передано слишком много аргументов
      C:\234\9\9\9.cpp(113,121):
      заполнители и их параметры ожидают переменное число аргументов в количестве 7, но было предоставлено 8
  
C:\234\9\9\9.cpp(129,9): warning C4101: i2: неиспользованная локальная переменная
C:\234\9\9\9.cpp(128,9): warning C4101: i1: неиспользованная локальная переменная
  9.vcxproj -> C:\234\9\x64\Debug\9.exe
=======
C:\tst_8\9\9\9.cpp(51,118): warning C4474: "printf" : для строки формата передано слишком много аргументов
      C:\tst_8\9\9\9.cpp(51,118):
      заполнители и их параметры ожидают переменное число аргументов в количестве 7, но было предоставлено 8
  
C:\tst_8\9\9\9.cpp(74,118): warning C4474: "printf" : для строки формата передано слишком много аргументов
      C:\tst_8\9\9\9.cpp(74,118):
      заполнители и их параметры ожидают переменное число аргументов в количестве 7, но было предоставлено 8
  
C:\tst_8\9\9\9.cpp(88,10): warning C4101: i2: неиспользованная локальная переменная
C:\tst_8\9\9\9.cpp(88,6): warning C4101: i1: неиспользованная локальная переменная
  9.vcxproj -> C:\tst_8\9\x64\Debug\9.exe
>>>>>>> origin/Cherenkov
